<?xml version="1.0" encoding="UTF-8"?>
<!-- Generated by org.testng.reporters.JUnitReportReporter -->
<testsuite skipped="0" hostname="kiranReddy-PC" name="productDetailsPage.VerifyLowestFirstPriceFilter" tests="1" failures="0" timestamp="19 Feb 2019 12:12:30 GMT" time="22.284" errors="0">
  <testcase name="verifyLowestFirstPriceListInProduct_deatilsPage" time="22.284" classname="productDetailsPage.VerifyLowestFirstPriceFilter"/>
</testsuite> <!-- productDetailsPage.VerifyLowestFirstPriceFilter -->
