<?xml version="1.0" encoding="UTF-8"?>
<!-- Generated by org.testng.reporters.JUnitReportReporter -->
<testsuite skipped="0" hostname="kiranReddy-PC" name="registration.RegistrationTest" tests="1" failures="0" timestamp="10 May 2019 17:28:57 GMT" time="53.185" errors="0">
  <testcase name="testRegistration" time="53.185" classname="registration.RegistrationTest"/>
</testsuite> <!-- registration.RegistrationTest -->
